# JRE version: OpenJDK Runtime Environment (8.0_152-b06) (build 1.8.0_152-release-1136-b06)
# Java VM: OpenJDK 64-Bit Server VM (25.152-b06 mixed mode windows-amd64 compressed oops)
Heap:
 PSYoungGen      total 498688K, used 323145K [0x00000000e0000000, 0x0000000100000000, 0x0000000100000000)
  eden space 473600K, 67% used [0x00000000e0000000,0x00000000f3727370,0x00000000fce80000)
  from space 25088K, 18% used [0x00000000fe700000,0x00000000feb6b2d8,0x00000000fff80000)
  to   space 25088K, 0% used [0x00000000fce80000,0x00000000fce80000,0x00000000fe700000)
 ParOldGen       total 156160K, used 61497K [0x00000000a0000000, 0x00000000a9880000, 0x00000000e0000000)
  object space 156160K, 39% used [0x00000000a0000000,0x00000000a3c0e670,0x00000000a9880000)
 Metaspace       used 94778K, capacity 98616K, committed 98904K, reserved 1134592K
  class space    used 11935K, capacity 12750K, committed 12888K, reserved 1048576K
GC Heap History (10 events):
Event: 511.306 GC heap before
{Heap before GC invocations=36 (full 4):
 PSYoungGen      total 491008K, used 472711K [0x00000000e0000000, 0x0000000100000000, 0x0000000100000000)
  eden space 467456K, 100% used [0x00000000e0000000,0x00000000fc880000,0x00000000fc880000)
  from space 23552K, 22% used [0x00000000fc880000,0x00000000fcda1ee8,0x00000000fdf80000)
  to   space 24576K, 0% used [0x00000000fe800000,0x00000000fe800000,0x0000000100000000)
 ParOldGen       total 156160K, used 61489K [0x00000000a0000000, 0x00000000a9880000, 0x00000000e0000000)
  object space 156160K, 39% used [0x00000000a0000000,0x00000000a3c0c670,0x00000000a9880000)
 Metaspace       used 94355K, capacity 98212K, committed 98752K, reserved 1134592K
  class space    used 11923K, capacity 12708K, committed 12888K, reserved 1048576K
Event: 511.329 GC heap after
Heap after GC invocations=36 (full 4):
 PSYoungGen      total 498688K, used 4071K [0x00000000e0000000, 0x0000000100000000, 0x0000000100000000)
  eden space 474112K, 0% used [0x00000000e0000000,0x00000000e0000000,0x00000000fcf00000)
  from space 24576K, 16% used [0x00000000fe800000,0x00000000febf9ce8,0x0000000100000000)
  to   space 25088K, 0% used [0x00000000fcf00000,0x00000000fcf00000,0x00000000fe780000)
 ParOldGen       total 156160K, used 61489K [0x00000000a0000000, 0x00000000a9880000, 0x00000000e0000000)
  object space 156160K, 39% used [0x00000000a0000000,0x00000000a3c0c670,0x00000000a9880000)
 Metaspace       used 94355K, capacity 98212K, committed 98752K, reserved 1134592K
  class space    used 11923K, capacity 12708K, committed 12888K, reserved 1048576K
}
Event: 512.781 GC heap before
{Heap before GC invocations=37 (full 4):
 PSYoungGen      total 498688K, used 478183K [0x00000000e0000000, 0x0000000100000000, 0x0000000100000000)
  eden space 474112K, 100% used [0x00000000e0000000,0x00000000fcf00000,0x00000000fcf00000)
  from space 24576K, 16% used [0x00000000fe800000,0x00000000febf9ce8,0x0000000100000000)
  to   space 25088K, 0% used [0x00000000fcf00000,0x00000000fcf00000,0x00000000fe780000)
 ParOldGen       total 156160K, used 61489K [0x00000000a0000000, 0x00000000a9880000, 0x00000000e0000000)
  object space 156160K, 39% used [0x00000000a0000000,0x00000000a3c0c670,0x00000000a9880000)
 Metaspace       used 94373K, capacity 98212K, committed 98752K, reserved 1134592K
  class space    used 11924K, capacity 12708K, committed 12888K, reserved 1048576K
Event: 512.803 GC heap after
Heap after GC invocations=37 (full 4):
 PSYoungGen      total 479232K, used 4786K [0x00000000e0000000, 0x0000000100000000, 0x0000000100000000)
  eden space 474112K, 0% used [0x00000000e0000000,0x00000000e0000000,0x00000000fcf00000)
  from space 5120K, 93% used [0x00000000fcf00000,0x00000000fd3acb08,0x00000000fd400000)
  to   space 25600K, 0% used [0x00000000fe700000,0x00000000fe700000,0x0000000100000000)
 ParOldGen       total 156160K, used 61489K [0x00000000a0000000, 0x00000000a9880000, 0x00000000e0000000)
  object space 156160K, 39% used [0x00000000a0000000,0x00000000a3c0c670,0x00000000a9880000)
 Metaspace       used 94373K, capacity 98212K, committed 98752K, reserved 1134592K
  class space    used 11924K, capacity 12708K, committed 12888K, reserved 1048576K
}
Event: 515.075 GC heap before
{Heap before GC invocations=38 (full 4):
 PSYoungGen      total 479232K, used 478898K [0x00000000e0000000, 0x0000000100000000, 0x0000000100000000)
  eden space 474112K, 100% used [0x00000000e0000000,0x00000000fcf00000,0x00000000fcf00000)
  from space 5120K, 93% used [0x00000000fcf00000,0x00000000fd3acb08,0x00000000fd400000)
  to   space 25600K, 0% used [0x00000000fe700000,0x00000000fe700000,0x0000000100000000)
 ParOldGen       total 156160K, used 61489K [0x00000000a0000000, 0x00000000a9880000, 0x00000000e0000000)
  object space 156160K, 39% used [0x00000000a0000000,0x00000000a3c0c670,0x00000000a9880000)
 Metaspace       used 94493K, capacity 98276K, committed 98752K, reserved 1134592K
  class space    used 11924K, capacity 12708K, committed 12888K, reserved 1048576K
Event: 515.084 GC heap after
Heap after GC invocations=38 (full 4):
 PSYoungGen      total 499200K, used 5529K [0x00000000e0000000, 0x0000000100000000, 0x0000000100000000)
  eden space 473600K, 0% used [0x00000000e0000000,0x00000000e0000000,0x00000000fce80000)
  from space 25600K, 21% used [0x00000000fe700000,0x00000000fec66678,0x0000000100000000)
  to   space 25088K, 0% used [0x00000000fce80000,0x00000000fce80000,0x00000000fe700000)
 ParOldGen       total 156160K, used 61489K [0x00000000a0000000, 0x00000000a9880000, 0x00000000e0000000)
  object space 156160K, 39% used [0x00000000a0000000,0x00000000a3c0c670,0x00000000a9880000)
 Metaspace       used 94493K, capacity 98276K, committed 98752K, reserved 1134592K
  class space    used 11924K, capacity 12708K, committed 12888K, reserved 1048576K
}
Event: 516.746 GC heap before
{Heap before GC invocations=39 (full 4):
 PSYoungGen      total 499200K, used 479129K [0x00000000e0000000, 0x0000000100000000, 0x0000000100000000)
  eden space 473600K, 100% used [0x00000000e0000000,0x00000000fce80000,0x00000000fce80000)
  from space 25600K, 21% used [0x00000000fe700000,0x00000000fec66678,0x0000000100000000)
  to   space 25088K, 0% used [0x00000000fce80000,0x00000000fce80000,0x00000000fe700000)
 ParOldGen       total 156160K, used 61489K [0x00000000a0000000, 0x00000000a9880000, 0x00000000e0000000)
  object space 156160K, 39% used [0x00000000a0000000,0x00000000a3c0c670,0x00000000a9880000)
 Metaspace       used 94534K, capacity 98340K, committed 98752K, reserved 1134592K
  class space    used 11925K, capacity 12708K, committed 12888K, reserved 1048576K
Event: 516.757 GC heap after
Heap after GC invocations=39 (full 4):
 PSYoungGen      total 498688K, used 3253K [0x00000000e0000000, 0x00000000fff80000, 0x0000000100000000)
  eden space 473600K, 0% used [0x00000000e0000000,0x00000000e0000000,0x00000000fce80000)
  from space 25088K, 12% used [0x00000000fce80000,0x00000000fd1ad610,0x00000000fe700000)
  to   space 25088K, 0% used [0x00000000fe700000,0x00000000fe700000,0x00000000fff80000)
 ParOldGen       total 156160K, used 61489K [0x00000000a0000000, 0x00000000a9880000, 0x00000000e0000000)
  object space 156160K, 39% used [0x00000000a0000000,0x00000000a3c0c670,0x00000000a9880000)
 Metaspace       used 94534K, capacity 98340K, committed 98752K, reserved 1134592K
  class space    used 11925K, capacity 12708K, committed 12888K, reserved 1048576K
}
Event: 521.306 GC heap before
{Heap before GC invocations=40 (full 4):
 PSYoungGen      total 498688K, used 476853K [0x00000000e0000000, 0x00000000fff80000, 0x0000000100000000)
  eden space 473600K, 100% used [0x00000000e0000000,0x00000000fce80000,0x00000000fce80000)
  from space 25088K, 12% used [0x00000000fce80000,0x00000000fd1ad610,0x00000000fe700000)
  to   space 25088K, 0% used [0x00000000fe700000,0x00000000fe700000,0x00000000fff80000)
 ParOldGen       total 156160K, used 61489K [0x00000000a0000000, 0x00000000a9880000, 0x00000000e0000000)
  object space 156160K, 39% used [0x00000000a0000000,0x00000000a3c0c670,0x00000000a9880000)
 Metaspace       used 94668K, capacity 98468K, committed 98904K, reserved 1134592K
  class space    used 11926K, capacity 12708K, committed 12888K, reserved 1048576K
Event: 521.312 GC heap after
Heap after GC invocations=40 (full 4):
 PSYoungGen      total 498688K, used 4524K [0x00000000e0000000, 0x0000000100000000, 0x0000000100000000)
  eden space 473600K, 0% used [0x00000000e0000000,0x00000000e0000000,0x00000000fce80000)
  from space 25088K, 18% used [0x00000000fe700000,0x00000000feb6b2d8,0x00000000fff80000)
  to   space 25088K, 0% used [0x00000000fce80000,0x00000000fce80000,0x00000000fe700000)
 ParOldGen       total 156160K, used 61497K [0x00000000a0000000, 0x00000000a9880000, 0x00000000e0000000)
  object space 156160K, 39% used [0x00000000a0000000,0x00000000a3c0e670,0x00000000a9880000)
 Metaspace       used 94668K, capacity 98468K, committed 98904K, reserved 1134592K
  class space    used 11926K, capacity 12708K, committed 12888K, reserved 1048576K
}

